<?xml version="1.0" encoding="UTF-8"?>
<testsuite name="com.example.otl_server.OtlServerApplicationTests" tests="1" skipped="0" failures="0" errors="0" timestamp="2024-11-18T13:31:42" hostname="DESKTOP-0IS719Q" time="0.761">
  <properties/>
  <testcase name="contextLoads()" classname="com.example.otl_server.OtlServerApplicationTests" time="0.761"/>
  <system-out><![CDATA[22:31:40.957 [Test worker] INFO org.springframework.test.context.support.AnnotationConfigContextLoaderUtils -- Could not detect default configuration classes for test class [com.example.otl_server.OtlServerApplicationTests]: OtlServerApplicationTests does not declare any static, non-private, non-final, nested classes annotated with @Configuration.
22:31:41.054 [Test worker] INFO org.springframework.boot.test.context.SpringBootTestContextBootstrapper -- Found @SpringBootConfiguration com.example.otl_server.OtlServerApplication for test class com.example.otl_server.OtlServerApplicationTests

  .   ____          _            __ _ _
 /\\ / ___'_ __ _ _(_)_ __  __ _ \ \ \ \
( ( )\___ | '_ | '_| | '_ \/ _` | \ \ \ \
 \\/  ___)| |_)| | | | | || (_| |  ) ) ) )
  '  |____| .__|_| |_|_| |_\__, | / / / /
 =========|_|==============|___/=/_/_/_/

 :: Spring Boot ::                (v3.3.5)

2024-11-18T22:31:41.516+09:00  INFO 40480 --- [otl-server] [    Test worker] c.e.o.OtlServerApplicationTests          : Starting OtlServerApplicationTests using Java 17.0.1 with PID 40480 (started by leecy in C:\Users\leecy\Desktop\OTL_fork-dev_server\otl-server\otl-server)
2024-11-18T22:31:41.517+09:00 DEBUG 40480 --- [otl-server] [    Test worker] c.e.o.OtlServerApplicationTests          : Running with Spring Boot v3.3.5, Spring v6.1.14
2024-11-18T22:31:41.518+09:00  INFO 40480 --- [otl-server] [    Test worker] c.e.o.OtlServerApplicationTests          : No active profile set, falling back to 1 default profile: "default"
2024-11-18T22:31:42.338+09:00  INFO 40480 --- [otl-server] [    Test worker] o.s.b.a.w.s.WelcomePageHandlerMapping    : Adding welcome page: class path resource [static/index.html]
2024-11-18T22:31:42.611+09:00  INFO 40480 --- [otl-server] [    Test worker] c.e.o.OtlServerApplicationTests          : Started OtlServerApplicationTests in 1.384 seconds (process running for 2.448)
]]></system-out>
  <system-err><![CDATA[]]></system-err>
</testsuite>
