<?xml version="1.0" encoding="UTF-8"?>
<testsuite name="com.example.otl_server.OtlServerApplicationTests" tests="1" skipped="0" failures="0" errors="0" timestamp="2024-11-18T11:42:48" hostname="DESKTOP-0IS719Q" time="0.752">
  <properties/>
  <testcase name="contextLoads()" classname="com.example.otl_server.OtlServerApplicationTests" time="0.752"/>
  <system-out><![CDATA[20:42:46.964 [Test worker] INFO org.springframework.test.context.support.AnnotationConfigContextLoaderUtils -- Could not detect default configuration classes for test class [com.example.otl_server.OtlServerApplicationTests]: OtlServerApplicationTests does not declare any static, non-private, non-final, nested classes annotated with @Configuration.
20:42:47.071 [Test worker] INFO org.springframework.boot.test.context.SpringBootTestContextBootstrapper -- Found @SpringBootConfiguration com.example.otl_server.OtlServerApplication for test class com.example.otl_server.OtlServerApplicationTests

  .   ____          _            __ _ _
 /\\ / ___'_ __ _ _(_)_ __  __ _ \ \ \ \
( ( )\___ | '_ | '_| | '_ \/ _` | \ \ \ \
 \\/  ___)| |_)| | | | | || (_| |  ) ) ) )
  '  |____| .__|_| |_|_| |_\__, | / / / /
 =========|_|==============|___/=/_/_/_/

 :: Spring Boot ::                (v3.3.5)

2024-11-18T20:42:47.470+09:00  INFO 39808 --- [otl-server] [    Test worker] c.e.o.OtlServerApplicationTests          : Starting OtlServerApplicationTests using Java 17.0.1 with PID 39808 (started by leecy in C:\Users\leecy\Desktop\otl-server)
2024-11-18T20:42:47.471+09:00 DEBUG 39808 --- [otl-server] [    Test worker] c.e.o.OtlServerApplicationTests          : Running with Spring Boot v3.3.5, Spring v6.1.14
2024-11-18T20:42:47.472+09:00  INFO 39808 --- [otl-server] [    Test worker] c.e.o.OtlServerApplicationTests          : No active profile set, falling back to 1 default profile: "default"
2024-11-18T20:42:48.369+09:00  INFO 39808 --- [otl-server] [    Test worker] o.s.b.a.w.s.WelcomePageHandlerMapping    : Adding welcome page: class path resource [static/index.html]
2024-11-18T20:42:48.643+09:00  INFO 39808 --- [otl-server] [    Test worker] c.e.o.OtlServerApplicationTests          : Started OtlServerApplicationTests in 1.416 seconds (process running for 2.553)
]]></system-out>
  <system-err><![CDATA[]]></system-err>
</testsuite>
